<?xml version="1.0" encoding="UTF-8"?>
<!-- Generated by org.testng.reporters.JUnitXMLReporter -->
<testsuite ignored="0" hostname="LAPTOP-9REF4ALR" failures="0" tests="8" name=" EdgeTest" time="119.357" errors="0" timestamp="2022-12-13T15:55:19 IST">
  <testcase classname="testClasses.TestClass1" name="Test1" time="3.466"/>
  <testcase classname="testClasses.TestClass1" name="test2" time="22.735"/>
  <testcase classname="testClasses.TestClass1" name="test2" time="21.331"/>
  <testcase classname="testClasses.TestClass1" name="test2" time="20.725"/>
  <testcase classname="testClasses.TestClass2" name="VerifyUserAddAddress" time="0.0"/>
  <testcase classname="testClasses.TestClass2" name="VerifyUserAddProductinCart" time="0.001"/>
  <testcase classname="testClasses.TestClass2" name="VerifyUserCanbyProduct" time="0.0"/>
  <testcase classname="testClasses.TestClass2" name="VerifyUserSearchfood" time="0.003"/>
</testsuite> <!--  EdgeTest -->
