<?xml version="1.0" encoding="UTF-8"?>
<!-- Generated by org.testng.reporters.JUnitXMLReporter -->
<testsuite ignored="0" hostname="LAPTOP-9REF4ALR" failures="0" tests="8" name="ChromeTest" time="119.223" errors="0" timestamp="2022-12-13T15:55:19 IST">
  <testcase classname="testClasses.TestClass1" name="Test1" time="3.48"/>
  <testcase classname="testClasses.TestClass1" name="test2" time="22.474"/>
  <testcase classname="testClasses.TestClass1" name="test2" time="21.285"/>
  <testcase classname="testClasses.TestClass1" name="test2" time="20.977"/>
  <testcase classname="testClasses.TestClass2" name="VerifyUserAddAddress" time="0.002"/>
  <testcase classname="testClasses.TestClass2" name="VerifyUserAddProductinCart" time="0.002"/>
  <testcase classname="testClasses.TestClass2" name="VerifyUserCanbyProduct" time="0.001"/>
  <testcase classname="testClasses.TestClass2" name="VerifyUserSearchfood" time="0.003"/>
</testsuite> <!-- ChromeTest -->
