<?xml version="1.0" encoding="UTF-8"?>
<testng-results ignored="0" total="16" passed="16" failed="0" skipped="0">
  <reporter-output>
    <line>
      <![CDATA[SoftAssert is Apply Successful]]>
    </line>
    <line>
      <![CDATA[SoftAssert is Apply Successful]]>
    </line>
    <line>
      <![CDATA[hi i am Test2]]>
    </line>
    <line>
      <![CDATA[Test2 Run Successfull]]>
    </line>
    <line>
      <![CDATA[hi i am Test2]]>
    </line>
    <line>
      <![CDATA[Test2 Run Successfull]]>
    </line>
    <line>
      <![CDATA[hi i am Test2]]>
    </line>
    <line>
      <![CDATA[Test2 Run Successfull]]>
    </line>
    <line>
      <![CDATA[hi i am Test2]]>
    </line>
    <line>
      <![CDATA[Test2 Run Successfull]]>
    </line>
    <line>
      <![CDATA[hi i am Test2]]>
    </line>
    <line>
      <![CDATA[Test2 Run Successfull]]>
    </line>
    <line>
      <![CDATA[hi i am Test2]]>
    </line>
    <line>
      <![CDATA[Test2 Run Successfull]]>
    </line>
  </reporter-output>
  <suite started-at="2022-12-13T15:53:20 IST" name="RegressionSuite" finished-at="2022-12-13T15:55:19 IST" duration-ms="119357">
    <groups>
    </groups>
    <test started-at="2022-12-13T15:53:20 IST" name="ChromeTest" finished-at="2022-12-13T15:55:19 IST" duration-ms="119223">
      <class name="testClasses.TestClass2">
        <test-method is-config="true" signature="beforeClass()[pri:0, instance:testClasses.TestClass2@4567f35d]" started-at="2022-12-13T15:55:19 IST" name="beforeClass" finished-at="2022-12-13T15:55:19 IST" duration-ms="2" status="PASS">
          <reporter-output>
          </reporter-output>
        </test-method> <!-- beforeClass -->
        <test-method is-config="true" signature="beforeMethod()[pri:0, instance:testClasses.TestClass2@4567f35d]" started-at="2022-12-13T15:55:19 IST" name="beforeMethod" finished-at="2022-12-13T15:55:19 IST" duration-ms="0" status="PASS">
          <reporter-output>
          </reporter-output>
        </test-method> <!-- beforeMethod -->
        <test-method signature="VerifyUserAddAddress()[pri:0, instance:testClasses.TestClass2@4567f35d]" started-at="2022-12-13T15:55:19 IST" name="VerifyUserAddAddress" finished-at="2022-12-13T15:55:19 IST" duration-ms="2" status="PASS">
          <reporter-output>
          </reporter-output>
        </test-method> <!-- VerifyUserAddAddress -->
        <test-method is-config="true" signature="afterMehod()[pri:0, instance:testClasses.TestClass2@4567f35d]" started-at="2022-12-13T15:55:19 IST" name="afterMehod" finished-at="2022-12-13T15:55:19 IST" duration-ms="0" status="PASS">
          <reporter-output>
          </reporter-output>
        </test-method> <!-- afterMehod -->
        <test-method signature="VerifyUserAddProductinCart()[pri:0, instance:testClasses.TestClass2@4567f35d]" started-at="2022-12-13T15:55:19 IST" name="VerifyUserAddProductinCart" finished-at="2022-12-13T15:55:19 IST" duration-ms="2" status="PASS">
          <reporter-output>
          </reporter-output>
        </test-method> <!-- VerifyUserAddProductinCart -->
        <test-method is-config="true" signature="beforeMethod()[pri:0, instance:testClasses.TestClass2@4567f35d]" started-at="2022-12-13T15:55:19 IST" name="beforeMethod" finished-at="2022-12-13T15:55:19 IST" duration-ms="0" status="PASS">
          <reporter-output>
          </reporter-output>
        </test-method> <!-- beforeMethod -->
        <test-method is-config="true" signature="beforeMethod()[pri:0, instance:testClasses.TestClass2@4567f35d]" started-at="2022-12-13T15:55:19 IST" name="beforeMethod" finished-at="2022-12-13T15:55:19 IST" duration-ms="0" status="PASS">
          <reporter-output>
          </reporter-output>
        </test-method> <!-- beforeMethod -->
        <test-method is-config="true" signature="afterMehod()[pri:0, instance:testClasses.TestClass2@4567f35d]" started-at="2022-12-13T15:55:19 IST" name="afterMehod" finished-at="2022-12-13T15:55:19 IST" duration-ms="0" status="PASS">
          <reporter-output>
          </reporter-output>
        </test-method> <!-- afterMehod -->
        <test-method signature="VerifyUserCanbyProduct()[pri:0, instance:testClasses.TestClass2@4567f35d]" started-at="2022-12-13T15:55:19 IST" name="VerifyUserCanbyProduct" finished-at="2022-12-13T15:55:19 IST" duration-ms="1" status="PASS">
          <reporter-output>
          </reporter-output>
        </test-method> <!-- VerifyUserCanbyProduct -->
        <test-method is-config="true" signature="afterMehod()[pri:0, instance:testClasses.TestClass2@4567f35d]" started-at="2022-12-13T15:55:19 IST" name="afterMehod" finished-at="2022-12-13T15:55:19 IST" duration-ms="0" status="PASS">
          <reporter-output>
          </reporter-output>
        </test-method> <!-- afterMehod -->
        <test-method signature="VerifyUserSearchfood()[pri:0, instance:testClasses.TestClass2@4567f35d]" started-at="2022-12-13T15:55:19 IST" name="VerifyUserSearchfood" finished-at="2022-12-13T15:55:19 IST" duration-ms="3" status="PASS">
          <reporter-output>
          </reporter-output>
        </test-method> <!-- VerifyUserSearchfood -->
        <test-method is-config="true" signature="beforeMethod()[pri:0, instance:testClasses.TestClass2@4567f35d]" started-at="2022-12-13T15:55:19 IST" name="beforeMethod" finished-at="2022-12-13T15:55:19 IST" duration-ms="0" status="PASS">
          <reporter-output>
          </reporter-output>
        </test-method> <!-- beforeMethod -->
        <test-method is-config="true" signature="afterClass()[pri:0, instance:testClasses.TestClass2@4567f35d]" started-at="2022-12-13T15:55:19 IST" name="afterClass" finished-at="2022-12-13T15:55:19 IST" duration-ms="1" status="PASS">
          <reporter-output>
          </reporter-output>
        </test-method> <!-- afterClass -->
        <test-method is-config="true" signature="afterMehod()[pri:0, instance:testClasses.TestClass2@4567f35d]" started-at="2022-12-13T15:55:19 IST" name="afterMehod" finished-at="2022-12-13T15:55:19 IST" duration-ms="0" status="PASS">
          <reporter-output>
          </reporter-output>
        </test-method> <!-- afterMehod -->
      </class> <!-- testClasses.TestClass2 -->
      <class name="testClasses.TestClass1">
        <test-method is-config="true" signature="beforeclass(java.lang.String)[pri:0, instance:testClasses.TestClass1@47af7f3d]" started-at="2022-12-13T15:53:20 IST" name="beforeclass" finished-at="2022-12-13T15:54:10 IST" duration-ms="49954" status="PASS">
          <params>
            <param index="0">
              <value>
                <![CDATA[chrome]]>
              </value>
            </param>
          </params>
          <reporter-output>
          </reporter-output>
        </test-method> <!-- beforeclass -->
        <test-method is-config="true" signature="beforeMethod()[pri:0, instance:testClasses.TestClass1@47af7f3d]" started-at="2022-12-13T15:54:10 IST" name="beforeMethod" finished-at="2022-12-13T15:54:10 IST" duration-ms="3" status="PASS">
          <reporter-output>
          </reporter-output>
        </test-method> <!-- beforeMethod -->
        <test-method signature="Test1()[pri:0, instance:testClasses.TestClass1@47af7f3d]" started-at="2022-12-13T15:54:10 IST" name="Test1" finished-at="2022-12-13T15:54:13 IST" duration-ms="3480" status="PASS">
          <reporter-output>
            <line>
              <![CDATA[SoftAssert is Apply Successful]]>
            </line>
          </reporter-output>
        </test-method> <!-- Test1 -->
        <test-method is-config="true" signature="afterMethod()[pri:0, instance:testClasses.TestClass1@47af7f3d]" started-at="2022-12-13T15:54:13 IST" name="afterMethod" finished-at="2022-12-13T15:54:13 IST" duration-ms="356" status="PASS">
          <reporter-output>
          </reporter-output>
        </test-method> <!-- afterMethod -->
        <test-method signature="test2(java.lang.String,java.lang.String,java.lang.String)[pri:0, instance:testClasses.TestClass1@47af7f3d]" started-at="2022-12-13T15:54:13 IST" name="test2" data-provider="ProductData" finished-at="2022-12-13T15:54:36 IST" duration-ms="22474" status="PASS">
          <params>
            <param index="0">
              <value>
                <![CDATA[realmi]]>
              </value>
            </param>
            <param index="1">
              <value>
                <![CDATA[10000]]>
              </value>
            </param>
            <param index="2">
              <value>
                <![CDATA[black]]>
              </value>
            </param>
          </params>
          <reporter-output>
            <line>
              <![CDATA[hi i am Test2]]>
            </line>
            <line>
              <![CDATA[Test2 Run Successfull]]>
            </line>
          </reporter-output>
        </test-method> <!-- test2 -->
        <test-method is-config="true" signature="beforeMethod()[pri:0, instance:testClasses.TestClass1@47af7f3d]" started-at="2022-12-13T15:54:13 IST" name="beforeMethod" finished-at="2022-12-13T15:54:13 IST" duration-ms="0" status="PASS">
          <reporter-output>
          </reporter-output>
        </test-method> <!-- beforeMethod -->
        <test-method is-config="true" signature="afterMethod()[pri:0, instance:testClasses.TestClass1@47af7f3d]" started-at="2022-12-13T15:54:36 IST" name="afterMethod" finished-at="2022-12-13T15:54:36 IST" duration-ms="232" status="PASS">
          <reporter-output>
          </reporter-output>
        </test-method> <!-- afterMethod -->
        <test-method is-config="true" signature="beforeMethod()[pri:0, instance:testClasses.TestClass1@47af7f3d]" started-at="2022-12-13T15:54:36 IST" name="beforeMethod" finished-at="2022-12-13T15:54:36 IST" duration-ms="0" status="PASS">
          <reporter-output>
          </reporter-output>
        </test-method> <!-- beforeMethod -->
        <test-method signature="test2(java.lang.String,java.lang.String,java.lang.String)[pri:0, instance:testClasses.TestClass1@47af7f3d]" started-at="2022-12-13T15:54:36 IST" name="test2" data-provider="ProductData" finished-at="2022-12-13T15:54:57 IST" duration-ms="21285" status="PASS">
          <params>
            <param index="0">
              <value>
                <![CDATA[samsung]]>
              </value>
            </param>
            <param index="1">
              <value>
                <![CDATA[20000]]>
              </value>
            </param>
            <param index="2">
              <value>
                <![CDATA[white]]>
              </value>
            </param>
          </params>
          <reporter-output>
            <line>
              <![CDATA[hi i am Test2]]>
            </line>
            <line>
              <![CDATA[Test2 Run Successfull]]>
            </line>
          </reporter-output>
        </test-method> <!-- test2 -->
        <test-method is-config="true" signature="afterMethod()[pri:0, instance:testClasses.TestClass1@47af7f3d]" started-at="2022-12-13T15:54:57 IST" name="afterMethod" finished-at="2022-12-13T15:54:58 IST" duration-ms="206" status="PASS">
          <reporter-output>
          </reporter-output>
        </test-method> <!-- afterMethod -->
        <test-method signature="test2(java.lang.String,java.lang.String,java.lang.String)[pri:0, instance:testClasses.TestClass1@47af7f3d]" started-at="2022-12-13T15:54:58 IST" name="test2" data-provider="ProductData" finished-at="2022-12-13T15:55:19 IST" duration-ms="20977" status="PASS">
          <params>
            <param index="0">
              <value>
                <![CDATA[oppo]]>
              </value>
            </param>
            <param index="1">
              <value>
                <![CDATA[40000]]>
              </value>
            </param>
            <param index="2">
              <value>
                <![CDATA[]]>
              </value>
            </param>
          </params>
          <reporter-output>
            <line>
              <![CDATA[hi i am Test2]]>
            </line>
            <line>
              <![CDATA[Test2 Run Successfull]]>
            </line>
          </reporter-output>
        </test-method> <!-- test2 -->
        <test-method is-config="true" signature="beforeMethod()[pri:0, instance:testClasses.TestClass1@47af7f3d]" started-at="2022-12-13T15:54:58 IST" name="beforeMethod" finished-at="2022-12-13T15:54:58 IST" duration-ms="0" status="PASS">
          <reporter-output>
          </reporter-output>
        </test-method> <!-- beforeMethod -->
        <test-method is-config="true" signature="afterMethod()[pri:0, instance:testClasses.TestClass1@47af7f3d]" started-at="2022-12-13T15:55:19 IST" name="afterMethod" finished-at="2022-12-13T15:55:19 IST" duration-ms="202" status="PASS">
          <reporter-output>
          </reporter-output>
        </test-method> <!-- afterMethod -->
        <test-method is-config="true" signature="afterclass()[pri:0, instance:testClasses.TestClass1@47af7f3d]" started-at="2022-12-13T15:55:19 IST" name="afterclass" finished-at="2022-12-13T15:55:19 IST" duration-ms="0" status="PASS">
          <reporter-output>
          </reporter-output>
        </test-method> <!-- afterclass -->
      </class> <!-- testClasses.TestClass1 -->
    </test> <!-- ChromeTest -->
    <test started-at="2022-12-13T15:53:20 IST" name=" EdgeTest" finished-at="2022-12-13T15:55:19 IST" duration-ms="119357">
      <class name="testClasses.TestClass2">
        <test-method signature="VerifyUserAddAddress()[pri:0, instance:testClasses.TestClass2@10e31a9a]" started-at="2022-12-13T15:55:19 IST" name="VerifyUserAddAddress" finished-at="2022-12-13T15:55:19 IST" duration-ms="0" status="PASS">
          <reporter-output>
          </reporter-output>
        </test-method> <!-- VerifyUserAddAddress -->
        <test-method is-config="true" signature="beforeMethod()[pri:0, instance:testClasses.TestClass2@10e31a9a]" started-at="2022-12-13T15:55:19 IST" name="beforeMethod" finished-at="2022-12-13T15:55:19 IST" duration-ms="0" status="PASS">
          <reporter-output>
          </reporter-output>
        </test-method> <!-- beforeMethod -->
        <test-method is-config="true" signature="beforeClass()[pri:0, instance:testClasses.TestClass2@10e31a9a]" started-at="2022-12-13T15:55:19 IST" name="beforeClass" finished-at="2022-12-13T15:55:19 IST" duration-ms="0" status="PASS">
          <reporter-output>
          </reporter-output>
        </test-method> <!-- beforeClass -->
        <test-method is-config="true" signature="afterMehod()[pri:0, instance:testClasses.TestClass2@10e31a9a]" started-at="2022-12-13T15:55:19 IST" name="afterMehod" finished-at="2022-12-13T15:55:19 IST" duration-ms="0" status="PASS">
          <reporter-output>
          </reporter-output>
        </test-method> <!-- afterMehod -->
        <test-method is-config="true" signature="beforeMethod()[pri:0, instance:testClasses.TestClass2@10e31a9a]" started-at="2022-12-13T15:55:19 IST" name="beforeMethod" finished-at="2022-12-13T15:55:19 IST" duration-ms="2" status="PASS">
          <reporter-output>
          </reporter-output>
        </test-method> <!-- beforeMethod -->
        <test-method signature="VerifyUserAddProductinCart()[pri:0, instance:testClasses.TestClass2@10e31a9a]" started-at="2022-12-13T15:55:19 IST" name="VerifyUserAddProductinCart" finished-at="2022-12-13T15:55:19 IST" duration-ms="1" status="PASS">
          <reporter-output>
          </reporter-output>
        </test-method> <!-- VerifyUserAddProductinCart -->
        <test-method is-config="true" signature="afterMehod()[pri:0, instance:testClasses.TestClass2@10e31a9a]" started-at="2022-12-13T15:55:19 IST" name="afterMehod" finished-at="2022-12-13T15:55:19 IST" duration-ms="0" status="PASS">
          <reporter-output>
          </reporter-output>
        </test-method> <!-- afterMehod -->
        <test-method signature="VerifyUserCanbyProduct()[pri:0, instance:testClasses.TestClass2@10e31a9a]" started-at="2022-12-13T15:55:19 IST" name="VerifyUserCanbyProduct" finished-at="2022-12-13T15:55:19 IST" duration-ms="0" status="PASS">
          <reporter-output>
          </reporter-output>
        </test-method> <!-- VerifyUserCanbyProduct -->
        <test-method signature="VerifyUserSearchfood()[pri:0, instance:testClasses.TestClass2@10e31a9a]" started-at="2022-12-13T15:55:19 IST" name="VerifyUserSearchfood" finished-at="2022-12-13T15:55:19 IST" duration-ms="3" status="PASS">
          <reporter-output>
          </reporter-output>
        </test-method> <!-- VerifyUserSearchfood -->
        <test-method is-config="true" signature="afterMehod()[pri:0, instance:testClasses.TestClass2@10e31a9a]" started-at="2022-12-13T15:55:19 IST" name="afterMehod" finished-at="2022-12-13T15:55:19 IST" duration-ms="0" status="PASS">
          <reporter-output>
          </reporter-output>
        </test-method> <!-- afterMehod -->
        <test-method is-config="true" signature="beforeMethod()[pri:0, instance:testClasses.TestClass2@10e31a9a]" started-at="2022-12-13T15:55:19 IST" name="beforeMethod" finished-at="2022-12-13T15:55:19 IST" duration-ms="0" status="PASS">
          <reporter-output>
          </reporter-output>
        </test-method> <!-- beforeMethod -->
        <test-method is-config="true" signature="beforeMethod()[pri:0, instance:testClasses.TestClass2@10e31a9a]" started-at="2022-12-13T15:55:19 IST" name="beforeMethod" finished-at="2022-12-13T15:55:19 IST" duration-ms="0" status="PASS">
          <reporter-output>
          </reporter-output>
        </test-method> <!-- beforeMethod -->
        <test-method is-config="true" signature="afterMehod()[pri:0, instance:testClasses.TestClass2@10e31a9a]" started-at="2022-12-13T15:55:19 IST" name="afterMehod" finished-at="2022-12-13T15:55:19 IST" duration-ms="0" status="PASS">
          <reporter-output>
          </reporter-output>
        </test-method> <!-- afterMehod -->
        <test-method is-config="true" signature="afterClass()[pri:0, instance:testClasses.TestClass2@10e31a9a]" started-at="2022-12-13T15:55:19 IST" name="afterClass" finished-at="2022-12-13T15:55:19 IST" duration-ms="0" status="PASS">
          <reporter-output>
          </reporter-output>
        </test-method> <!-- afterClass -->
      </class> <!-- testClasses.TestClass2 -->
      <class name="testClasses.TestClass1">
        <test-method is-config="true" signature="beforeclass(java.lang.String)[pri:0, instance:testClasses.TestClass1@3febb011]" started-at="2022-12-13T15:53:20 IST" name="beforeclass" finished-at="2022-12-13T15:54:09 IST" duration-ms="49557" status="PASS">
          <params>
            <param index="0">
              <value>
                <![CDATA[ Edge]]>
              </value>
            </param>
          </params>
          <reporter-output>
          </reporter-output>
        </test-method> <!-- beforeclass -->
        <test-method is-config="true" signature="beforeMethod()[pri:0, instance:testClasses.TestClass1@3febb011]" started-at="2022-12-13T15:54:09 IST" name="beforeMethod" finished-at="2022-12-13T15:54:09 IST" duration-ms="146" status="PASS">
          <reporter-output>
          </reporter-output>
        </test-method> <!-- beforeMethod -->
        <test-method signature="Test1()[pri:0, instance:testClasses.TestClass1@3febb011]" started-at="2022-12-13T15:54:09 IST" name="Test1" finished-at="2022-12-13T15:54:13 IST" duration-ms="3466" status="PASS">
          <reporter-output>
            <line>
              <![CDATA[SoftAssert is Apply Successful]]>
            </line>
          </reporter-output>
        </test-method> <!-- Test1 -->
        <test-method is-config="true" signature="afterMethod()[pri:0, instance:testClasses.TestClass1@3febb011]" started-at="2022-12-13T15:54:13 IST" name="afterMethod" finished-at="2022-12-13T15:54:13 IST" duration-ms="583" status="PASS">
          <reporter-output>
          </reporter-output>
        </test-method> <!-- afterMethod -->
        <test-method signature="test2(java.lang.String,java.lang.String,java.lang.String)[pri:0, instance:testClasses.TestClass1@3febb011]" started-at="2022-12-13T15:54:13 IST" name="test2" data-provider="ProductData" finished-at="2022-12-13T15:54:36 IST" duration-ms="22735" status="PASS">
          <params>
            <param index="0">
              <value>
                <![CDATA[realmi]]>
              </value>
            </param>
            <param index="1">
              <value>
                <![CDATA[10000]]>
              </value>
            </param>
            <param index="2">
              <value>
                <![CDATA[black]]>
              </value>
            </param>
          </params>
          <reporter-output>
            <line>
              <![CDATA[hi i am Test2]]>
            </line>
            <line>
              <![CDATA[Test2 Run Successfull]]>
            </line>
          </reporter-output>
        </test-method> <!-- test2 -->
        <test-method is-config="true" signature="beforeMethod()[pri:0, instance:testClasses.TestClass1@3febb011]" started-at="2022-12-13T15:54:13 IST" name="beforeMethod" finished-at="2022-12-13T15:54:13 IST" duration-ms="0" status="PASS">
          <reporter-output>
          </reporter-output>
        </test-method> <!-- beforeMethod -->
        <test-method is-config="true" signature="afterMethod()[pri:0, instance:testClasses.TestClass1@3febb011]" started-at="2022-12-13T15:54:36 IST" name="afterMethod" finished-at="2022-12-13T15:54:36 IST" duration-ms="288" status="PASS">
          <reporter-output>
          </reporter-output>
        </test-method> <!-- afterMethod -->
        <test-method is-config="true" signature="beforeMethod()[pri:0, instance:testClasses.TestClass1@3febb011]" started-at="2022-12-13T15:54:36 IST" name="beforeMethod" finished-at="2022-12-13T15:54:36 IST" duration-ms="0" status="PASS">
          <reporter-output>
          </reporter-output>
        </test-method> <!-- beforeMethod -->
        <test-method signature="test2(java.lang.String,java.lang.String,java.lang.String)[pri:0, instance:testClasses.TestClass1@3febb011]" started-at="2022-12-13T15:54:36 IST" name="test2" data-provider="ProductData" finished-at="2022-12-13T15:54:58 IST" duration-ms="21331" status="PASS">
          <params>
            <param index="0">
              <value>
                <![CDATA[samsung]]>
              </value>
            </param>
            <param index="1">
              <value>
                <![CDATA[20000]]>
              </value>
            </param>
            <param index="2">
              <value>
                <![CDATA[white]]>
              </value>
            </param>
          </params>
          <reporter-output>
            <line>
              <![CDATA[hi i am Test2]]>
            </line>
            <line>
              <![CDATA[Test2 Run Successfull]]>
            </line>
          </reporter-output>
        </test-method> <!-- test2 -->
        <test-method is-config="true" signature="afterMethod()[pri:0, instance:testClasses.TestClass1@3febb011]" started-at="2022-12-13T15:54:58 IST" name="afterMethod" finished-at="2022-12-13T15:54:58 IST" duration-ms="297" status="PASS">
          <reporter-output>
          </reporter-output>
        </test-method> <!-- afterMethod -->
        <test-method is-config="true" signature="beforeMethod()[pri:0, instance:testClasses.TestClass1@3febb011]" started-at="2022-12-13T15:54:58 IST" name="beforeMethod" finished-at="2022-12-13T15:54:58 IST" duration-ms="0" status="PASS">
          <reporter-output>
          </reporter-output>
        </test-method> <!-- beforeMethod -->
        <test-method signature="test2(java.lang.String,java.lang.String,java.lang.String)[pri:0, instance:testClasses.TestClass1@3febb011]" started-at="2022-12-13T15:54:58 IST" name="test2" data-provider="ProductData" finished-at="2022-12-13T15:55:19 IST" duration-ms="20725" status="PASS">
          <params>
            <param index="0">
              <value>
                <![CDATA[oppo]]>
              </value>
            </param>
            <param index="1">
              <value>
                <![CDATA[40000]]>
              </value>
            </param>
            <param index="2">
              <value>
                <![CDATA[]]>
              </value>
            </param>
          </params>
          <reporter-output>
            <line>
              <![CDATA[hi i am Test2]]>
            </line>
            <line>
              <![CDATA[Test2 Run Successfull]]>
            </line>
          </reporter-output>
        </test-method> <!-- test2 -->
        <test-method is-config="true" signature="afterMethod()[pri:0, instance:testClasses.TestClass1@3febb011]" started-at="2022-12-13T15:55:19 IST" name="afterMethod" finished-at="2022-12-13T15:55:19 IST" duration-ms="165" status="PASS">
          <reporter-output>
          </reporter-output>
        </test-method> <!-- afterMethod -->
        <test-method is-config="true" signature="afterclass()[pri:0, instance:testClasses.TestClass1@3febb011]" started-at="2022-12-13T15:55:19 IST" name="afterclass" finished-at="2022-12-13T15:55:19 IST" duration-ms="0" status="PASS">
          <reporter-output>
          </reporter-output>
        </test-method> <!-- afterclass -->
      </class> <!-- testClasses.TestClass1 -->
    </test> <!--  EdgeTest -->
  </suite> <!-- RegressionSuite -->
</testng-results>
